This file contains any messages produced by compilers while
running configure, to aid debugging if configure makes a mistake.

configure:566: checking for a BSD compatible install
configure:619: checking whether build environment is sane
configure:676: checking whether make sets ${MAKE}
configure:722: checking for working aclocal
configure:735: checking for working autoconf
configure:748: checking for working automake
configure:761: checking for working autoheader
configure:774: checking for working makeinfo
configure:791: checking for gcc
configure:868: checking whether the C compiler (gcc -g -O2 ) works
configure:882: gcc -o conftest -g -O2   conftest.c  1>&5
configure:902: checking whether the C compiler (gcc -g -O2 ) is a cross-compiler
configure:907: checking whether we are using GNU C
configure:931: checking whether gcc accepts -g
configure:959: checking how to run the C preprocessor
configure:1021: checking whether gcc needs -traditional
configure:1077: checking for a BSD compatible install
configure:1129: checking for ranlib
configure:1161: checking for texconfig
configure:1191: checking for POSIXized ISC
configure:1213: checking for minix/config.h
configure:1223: gcc -E  conftest.c >/dev/null 2>conftest.out
configure:1219:26: fatal error: minix/config.h: No such file or directory
compilation terminated.
configure: failed program was:
#line 1218 "configure"
#include "confdefs.h"
#include <minix/config.h>
configure:1262: checking whether to enable maintainer-specific portions of Makefiles
configure:1280: checking for Cygwin32 environment
configure:1292: gcc -c -g -O2  conftest.c 1>&5
configure: In function 'main':
configure:1288:8: error: '__CYGWIN32__' undeclared (first use in this function)
configure:1288:8: note: each undeclared identifier is reported only once for each function it appears in
configure: failed program was:
#line 1285 "configure"
#include "confdefs.h"

int main() {
return __CYGWIN32__;
; return 0; }
configure:1309: checking for Mingw32 environment
configure:1321: gcc -c -g -O2  conftest.c 1>&5
configure: In function 'main':
configure:1317:8: error: '__MINGW32__' undeclared (first use in this function)
configure:1317:8: note: each undeclared identifier is reported only once for each function it appears in
configure: failed program was:
#line 1314 "configure"
#include "confdefs.h"

int main() {
return __MINGW32__;
; return 0; }
configure:1340: checking for executable suffix
configure:1368: checking for zlib.h
configure:1378: gcc -E  conftest.c >/dev/null 2>conftest.out
configure:1399: checking for gzdopen in -lz
configure:1418: gcc -o conftest -g -O2   conftest.c -lz   1>&5
configure:1453: checking for sigblock
configure:1481: gcc -o conftest -g -O2   conftest.c -lz  1>&5
configure:1553: checking for tputs in -lncurses
configure:1572: gcc -o conftest -g -O2   conftest.c -lncurses  -lz  1>&5
configure:1600: checking for ncurses/termcap.h
configure:1610: gcc -E  conftest.c >/dev/null 2>conftest.out
configure:1606:29: fatal error: ncurses/termcap.h: No such file or directory
compilation terminated.
configure: failed program was:
#line 1605 "configure"
#include "confdefs.h"
#include <ncurses/termcap.h>
configure:1638: checking for ANSI C header files
configure:1747: checking for fcntl.h
configure:1757: gcc -E  conftest.c >/dev/null 2>conftest.out
configure:1747: checking for pwd.h
configure:1757: gcc -E  conftest.c >/dev/null 2>conftest.out
configure:1747: checking for string.h
configure:1747: checking for strings.h
configure:1757: gcc -E  conftest.c >/dev/null 2>conftest.out
configure:1747: checking for termcap.h
configure:1757: gcc -E  conftest.c >/dev/null 2>conftest.out
configure:1747: checking for termio.h
configure:1757: gcc -E  conftest.c >/dev/null 2>conftest.out
configure:1747: checking for termios.h
configure:1757: gcc -E  conftest.c >/dev/null 2>conftest.out
configure:1747: checking for unistd.h
configure:1747: checking for sys/fcntl.h
configure:1757: gcc -E  conftest.c >/dev/null 2>conftest.out
configure:1747: checking for sys/file.h
configure:1747: checking for sys/ptem.h
configure:1757: gcc -E  conftest.c >/dev/null 2>conftest.out
configure:1753:22: fatal error: sys/ptem.h: No such file or directory
compilation terminated.
configure: failed program was:
#line 1752 "configure"
#include "confdefs.h"
#include <sys/ptem.h>
configure:1747: checking for sys/time.h
configure:1757: gcc -E  conftest.c >/dev/null 2>conftest.out
configure:1747: checking for sys/ttold.h
configure:1757: gcc -E  conftest.c >/dev/null 2>conftest.out
configure:1753:23: fatal error: sys/ttold.h: No such file or directory
compilation terminated.
configure: failed program was:
#line 1752 "configure"
#include "confdefs.h"
#include <sys/ttold.h>
configure:1747: checking for sys/wait.h
configure:1757: gcc -E  conftest.c >/dev/null 2>conftest.out
configure:1785: checking for off_t
configure:1818: checking return type of signal handlers
configure:1840: gcc -c -g -O2  conftest.c 1>&5
configure:1859: checking for working const
configure:1913: gcc -c -g -O2  conftest.c 1>&5
configure:1934: checking whether struct tm is in sys/time.h or time.h
configure:1947: gcc -c -g -O2  conftest.c 1>&5
configure:1971: checking for working alloca.h
configure:2004: checking for alloca
configure:2198: checking for vprintf
configure:2354: checking for setvbuf
configure:2382: gcc -o conftest -g -O2   conftest.c -lz  1>&5
configure:2354: checking for getcwd
configure:2354: checking for memset
configure:2354: checking for bzero
configure:2354: checking for strchr
configure:2354: checking for strcasecmp
configure:2354: checking for sigprocmask
configure:2382: gcc -o conftest -g -O2   conftest.c -lz  1>&5
configure:2354: checking for sigsetmask
configure:2409: checking for memcpy
configure:2409: checking for memmove
configure:2409: checking for strdup
configure:2409: checking for strerror
configure:2466: checking for inline
configure:2480: gcc -c -g -O2  conftest.c 1>&5
configure:2506: checking for size_t
configure:2542: checking for unistd.h
configure:2581: checking for getpagesize
configure:2634: checking for working mmap
configure:2782: gcc -o conftest -g -O2   conftest.c -lz  1>&5
configure:2713:7: warning: conflicting types for built-in function 'malloc' [enabled by default]
configure: In function 'main':
configure:2730:3: warning: incompatible implicit declaration of built-in function 'exit' [enabled by default]
configure:2752:24: warning: cast from pointer to integer of different size [-Wpointer-to-int-cast]
configure:2810: checking for argz.h
configure:2820: gcc -E  conftest.c >/dev/null 2>conftest.out
configure:2810: checking for limits.h
configure:2820: gcc -E  conftest.c >/dev/null 2>conftest.out
configure:2810: checking for locale.h
configure:2820: gcc -E  conftest.c >/dev/null 2>conftest.out
configure:2810: checking for nl_types.h
configure:2820: gcc -E  conftest.c >/dev/null 2>conftest.out
configure:2810: checking for malloc.h
configure:2820: gcc -E  conftest.c >/dev/null 2>conftest.out
configure:2810: checking for string.h
configure:2810: checking for unistd.h
configure:2810: checking for values.h
configure:2820: gcc -E  conftest.c >/dev/null 2>conftest.out
configure:2810: checking for sys/param.h
configure:2850: checking for getcwd
configure:2850: checking for munmap
configure:2878: gcc -o conftest -g -O2   conftest.c -lz  1>&5
configure:2850: checking for putenv
configure:2878: gcc -o conftest -g -O2   conftest.c -lz  1>&5
configure:2850: checking for setenv
configure:2878: gcc -o conftest -g -O2   conftest.c -lz  1>&5
configure:2850: checking for setlocale
configure:2878: gcc -o conftest -g -O2   conftest.c -lz  1>&5
configure:2850: checking for strchr
configure:2850: checking for strcasecmp
configure:2850: checking for __argz_count
configure:2878: gcc -o conftest -g -O2   conftest.c -lz  1>&5
configure:2850: checking for __argz_stringify
configure:2878: gcc -o conftest -g -O2   conftest.c -lz  1>&5
configure:2850: checking for __argz_next
configure:2878: gcc -o conftest -g -O2   conftest.c -lz  1>&5
configure:2907: checking for stpcpy
configure:2935: gcc -o conftest -g -O2   conftest.c -lz  1>&5
configure:2919:6: warning: conflicting types for built-in function 'stpcpy' [enabled by default]
configure:2969: checking for LC_MESSAGES
configure:2981: gcc -o conftest -g -O2   conftest.c -lz  1>&5
configure:3002: checking whether NLS is requested
configure:3022: checking whether included gettext is requested
configure:3041: checking for libintl.h
configure:3051: gcc -E  conftest.c >/dev/null 2>conftest.out
configure:3068: checking for gettext in libc
configure:3080: gcc -o conftest -g -O2   conftest.c -lz  1>&5
configure: In function 'main':
configure:3076:8: warning: cast from pointer to integer of different size [-Wpointer-to-int-cast]
configure:3171: checking for msgfmt
configure:3205: checking for dcgettext
configure:3233: gcc -o conftest -g -O2   conftest.c -lz  1>&5
configure:3217:6: warning: conflicting types for built-in function 'dcgettext' [enabled by default]
configure:3260: checking for gmsgfmt
configure:3295: checking for xgettext
configure:3335: gcc -o conftest -g -O2   conftest.c -lz  1>&5
configure:3787: checking for catalogs to be installed
